
=INFO REPORT==== 24-Mar-2015::11:12:23 ===
Starting RabbitMQ 3.5.0 on Erlang 17
Copyright (C) 2007-2014 GoPivotal, Inc.
Licensed under the MPL.  See http://www.rabbitmq.com/

=INFO REPORT==== 24-Mar-2015::11:12:23 ===
node           : rabbit@Pandurangs-MacBook-Pro
home dir       : /Users/pandurang
config file(s) : /Users/pandurang/projects/microservice_workshop_files/rabbitmq_server-3.5.0/sbin/../etc/rabbitmq/rabbitmq.config (not found)
cookie hash    : YA4LK1XWbk2JvvrX3cYV1A==
log            : ./rabbitmq_server-3.5.0/sbin/../var/log/rabbitmq/rabbit@Pandurangs-MacBook-Pro.log
sasl log       : ./rabbitmq_server-3.5.0/sbin/../var/log/rabbitmq/rabbit@Pandurangs-MacBook-Pro-sasl.log
database dir   : /Users/pandurang/projects/microservice_workshop_files/rabbitmq_server-3.5.0/sbin/../var/lib/rabbitmq/mnesia/rabbit@Pandurangs-MacBook-Pro

=INFO REPORT==== 24-Mar-2015::11:12:23 ===
Limiting to approx 156 file handles (138 sockets)

=INFO REPORT==== 24-Mar-2015::11:12:26 ===
Priority queues enabled, real BQ is rabbit_variable_queue

=INFO REPORT==== 24-Mar-2015::11:12:26 ===
Memory limit set to 2495MB of 6237MB total.

=INFO REPORT==== 24-Mar-2015::11:12:26 ===
Disk free limit set to 50MB

=INFO REPORT==== 24-Mar-2015::11:12:26 ===
Adding vhost '/'

=INFO REPORT==== 24-Mar-2015::11:12:27 ===
Creating user 'guest'

=INFO REPORT==== 24-Mar-2015::11:12:27 ===
Setting user tags for user 'guest' to [administrator]

=INFO REPORT==== 24-Mar-2015::11:12:27 ===
Setting permissions for 'guest' in '/' to '.*', '.*', '.*'

=INFO REPORT==== 24-Mar-2015::11:12:27 ===
msg_store_transient: using rabbit_msg_store_ets_index to provide index

=INFO REPORT==== 24-Mar-2015::11:12:27 ===
msg_store_persistent: using rabbit_msg_store_ets_index to provide index

=WARNING REPORT==== 24-Mar-2015::11:12:27 ===
msg_store_persistent: rebuilding indices from scratch

=INFO REPORT==== 24-Mar-2015::11:12:27 ===
started TCP Listener on [::]:5672

=INFO REPORT==== 24-Mar-2015::11:12:27 ===
Server startup complete; 0 plugins started.

=INFO REPORT==== 24-Mar-2015::11:13:04 ===
accepting AMQP connection <0.309.0> (127.0.0.1:62172 -> 127.0.0.1:5672)

=INFO REPORT==== 24-Mar-2015::11:13:22 ===
closing AMQP connection <0.309.0> (127.0.0.1:62172 -> 127.0.0.1:5672)

=INFO REPORT==== 25-Mar-2015::13:37:46 ===
Starting RabbitMQ 3.5.0 on Erlang 17
Copyright (C) 2007-2014 GoPivotal, Inc.
Licensed under the MPL.  See http://www.rabbitmq.com/

=INFO REPORT==== 25-Mar-2015::13:37:46 ===
node           : rabbit@Pandurangs-MacBook-Pro
home dir       : /Users/pandurang
config file(s) : /Users/pandurang/projects/microservice_workshop_files/rabbitmq_server-3.5.0/sbin/../etc/rabbitmq/rabbitmq.config (not found)
cookie hash    : YA4LK1XWbk2JvvrX3cYV1A==
log            : ./sbin/../var/log/rabbitmq/rabbit@Pandurangs-MacBook-Pro.log
sasl log       : ./sbin/../var/log/rabbitmq/rabbit@Pandurangs-MacBook-Pro-sasl.log
database dir   : /Users/pandurang/projects/microservice_workshop_files/rabbitmq_server-3.5.0/sbin/../var/lib/rabbitmq/mnesia/rabbit@Pandurangs-MacBook-Pro

=INFO REPORT==== 25-Mar-2015::13:37:47 ===
Limiting to approx 156 file handles (138 sockets)

=INFO REPORT==== 25-Mar-2015::13:37:47 ===
Priority queues enabled, real BQ is rabbit_variable_queue

=INFO REPORT==== 25-Mar-2015::13:39:03 ===
Error description:
   {could_not_start,rabbit,
       {error,
           {{shutdown,
                {failed_to_start_child,rabbit_epmd_monitor,
                    {{badmatch,noport},
                     [{rabbit_epmd_monitor,init,1,
                          [{file,"src/rabbit_epmd_monitor.erl"},{line,60}]},
                      {gen_server,init_it,6,
                          [{file,"gen_server.erl"},{line,306}]},
                      {proc_lib,init_p_do_apply,3,
                          [{file,"proc_lib.erl"},{line,239}]}]}}},
            {child,undefined,rabbit_epmd_monitor_sup,
                {rabbit_restartable_sup,start_link,
                    [rabbit_epmd_monitor_sup,
                     {rabbit_epmd_monitor,start_link,[]},
                     false]},
                transient,infinity,supervisor,
                [rabbit_restartable_sup]}}}}

Log files (may contain more information):
   ./sbin/../var/log/rabbitmq/rabbit@Pandurangs-MacBook-Pro.log
   ./sbin/../var/log/rabbitmq/rabbit@Pandurangs-MacBook-Pro-sasl.log


=INFO REPORT==== 25-Mar-2015::13:53:42 ===
Starting RabbitMQ 3.5.0 on Erlang 17
Copyright (C) 2007-2014 GoPivotal, Inc.
Licensed under the MPL.  See http://www.rabbitmq.com/

=INFO REPORT==== 25-Mar-2015::13:53:42 ===
node           : rabbit@Pandurangs-MacBook-Pro
home dir       : /Users/pandurang
config file(s) : /Users/pandurang/projects/microservice_workshop_files/rabbitmq_server-3.5.0/sbin/../etc/rabbitmq/rabbitmq.config (not found)
cookie hash    : YA4LK1XWbk2JvvrX3cYV1A==
log            : ./sbin/../var/log/rabbitmq/rabbit@Pandurangs-MacBook-Pro.log
sasl log       : ./sbin/../var/log/rabbitmq/rabbit@Pandurangs-MacBook-Pro-sasl.log
database dir   : /Users/pandurang/projects/microservice_workshop_files/rabbitmq_server-3.5.0/sbin/../var/lib/rabbitmq/mnesia/rabbit@Pandurangs-MacBook-Pro

=INFO REPORT==== 25-Mar-2015::13:53:42 ===
Limiting to approx 156 file handles (138 sockets)

=INFO REPORT==== 25-Mar-2015::13:53:43 ===
Priority queues enabled, real BQ is rabbit_variable_queue

=INFO REPORT==== 25-Mar-2015::13:54:58 ===
Error description:
   {could_not_start,rabbit,
       {error,
           {{shutdown,
                {failed_to_start_child,rabbit_epmd_monitor,
                    {{badmatch,noport},
                     [{rabbit_epmd_monitor,init,1,
                          [{file,"src/rabbit_epmd_monitor.erl"},{line,60}]},
                      {gen_server,init_it,6,
                          [{file,"gen_server.erl"},{line,306}]},
                      {proc_lib,init_p_do_apply,3,
                          [{file,"proc_lib.erl"},{line,239}]}]}}},
            {child,undefined,rabbit_epmd_monitor_sup,
                {rabbit_restartable_sup,start_link,
                    [rabbit_epmd_monitor_sup,
                     {rabbit_epmd_monitor,start_link,[]},
                     false]},
                transient,infinity,supervisor,
                [rabbit_restartable_sup]}}}}

Log files (may contain more information):
   ./sbin/../var/log/rabbitmq/rabbit@Pandurangs-MacBook-Pro.log
   ./sbin/../var/log/rabbitmq/rabbit@Pandurangs-MacBook-Pro-sasl.log

